Determining if the function crc32c_value exists in the crc32c failed with the following output:
Change Dir: /Users/torment/Workspace/CLionProjects/leveldb/cmake-build-debug/CMakeFiles/CMakeTmp

Run Build Command(s):/opt/local/bin/gmake cmTC_26e1c/fast && /opt/local/bin/gmake -f CMakeFiles/cmTC_26e1c.dir/build.make CMakeFiles/cmTC_26e1c.dir/build
gmake[1]: Entering directory '/Users/torment/Workspace/CLionProjects/leveldb/cmake-build-debug/CMakeFiles/CMakeTmp'
Building C object CMakeFiles/cmTC_26e1c.dir/CheckFunctionExists.c.o
/Library/Developer/CommandLineTools/usr/bin/cc   -DCHECK_FUNCTION_EXISTS=crc32c_value -isysroot /Library/Developer/CommandLineTools/SDKs/MacOSX10.15.sdk   -std=c11 -o CMakeFiles/cmTC_26e1c.dir/CheckFunctionExists.c.o   -c /Applications/CLion.app/Contents/bin/cmake/mac/share/cmake-3.15/Modules/CheckFunctionExists.c
Linking C executable cmTC_26e1c
/Applications/CLion.app/Contents/bin/cmake/mac/bin/cmake -E cmake_link_script CMakeFiles/cmTC_26e1c.dir/link.txt --verbose=1
/Library/Developer/CommandLineTools/usr/bin/cc  -DCHECK_FUNCTION_EXISTS=crc32c_value -isysroot /Library/Developer/CommandLineTools/SDKs/MacOSX10.15.sdk -Wl,-search_paths_first -Wl,-headerpad_max_install_names   CMakeFiles/cmTC_26e1c.dir/CheckFunctionExists.c.o  -o cmTC_26e1c -lcrc32c 
ld: library not found for -lcrc32c
clang: error: linker command failed with exit code 1 (use -v to see invocation)
gmake[1]: *** [CMakeFiles/cmTC_26e1c.dir/build.make:87: cmTC_26e1c] Error 1
gmake[1]: Leaving directory '/Users/torment/Workspace/CLionProjects/leveldb/cmake-build-debug/CMakeFiles/CMakeTmp'
gmake: *** [Makefile:121: cmTC_26e1c/fast] Error 2



Determining if the function snappy_compress exists in the snappy failed with the following output:
Change Dir: /Users/torment/Workspace/CLionProjects/leveldb/cmake-build-debug/CMakeFiles/CMakeTmp

Run Build Command(s):/opt/local/bin/gmake cmTC_3ecb7/fast && /opt/local/bin/gmake -f CMakeFiles/cmTC_3ecb7.dir/build.make CMakeFiles/cmTC_3ecb7.dir/build
gmake[1]: Entering directory '/Users/torment/Workspace/CLionProjects/leveldb/cmake-build-debug/CMakeFiles/CMakeTmp'
Building C object CMakeFiles/cmTC_3ecb7.dir/CheckFunctionExists.c.o
/Library/Developer/CommandLineTools/usr/bin/cc   -DCHECK_FUNCTION_EXISTS=snappy_compress -isysroot /Library/Developer/CommandLineTools/SDKs/MacOSX10.15.sdk   -std=c11 -o CMakeFiles/cmTC_3ecb7.dir/CheckFunctionExists.c.o   -c /Applications/CLion.app/Contents/bin/cmake/mac/share/cmake-3.15/Modules/CheckFunctionExists.c
Linking C executable cmTC_3ecb7
/Applications/CLion.app/Contents/bin/cmake/mac/bin/cmake -E cmake_link_script CMakeFiles/cmTC_3ecb7.dir/link.txt --verbose=1
/Library/Developer/CommandLineTools/usr/bin/cc  -DCHECK_FUNCTION_EXISTS=snappy_compress -isysroot /Library/Developer/CommandLineTools/SDKs/MacOSX10.15.sdk -Wl,-search_paths_first -Wl,-headerpad_max_install_names   CMakeFiles/cmTC_3ecb7.dir/CheckFunctionExists.c.o  -o cmTC_3ecb7 -lsnappy 
ld: library not found for -lsnappy
clang: error: linker command failed with exit code 1 (use -v to see invocation)
gmake[1]: *** [CMakeFiles/cmTC_3ecb7.dir/build.make:87: cmTC_3ecb7] Error 1
gmake[1]: Leaving directory '/Users/torment/Workspace/CLionProjects/leveldb/cmake-build-debug/CMakeFiles/CMakeTmp'
gmake: *** [Makefile:121: cmTC_3ecb7/fast] Error 2



Determining if the function malloc exists in the tcmalloc failed with the following output:
Change Dir: /Users/torment/Workspace/CLionProjects/leveldb/cmake-build-debug/CMakeFiles/CMakeTmp

Run Build Command(s):/opt/local/bin/gmake cmTC_7b386/fast && /opt/local/bin/gmake -f CMakeFiles/cmTC_7b386.dir/build.make CMakeFiles/cmTC_7b386.dir/build
gmake[1]: Entering directory '/Users/torment/Workspace/CLionProjects/leveldb/cmake-build-debug/CMakeFiles/CMakeTmp'
Building C object CMakeFiles/cmTC_7b386.dir/CheckFunctionExists.c.o
/Library/Developer/CommandLineTools/usr/bin/cc   -DCHECK_FUNCTION_EXISTS=malloc -isysroot /Library/Developer/CommandLineTools/SDKs/MacOSX10.15.sdk   -std=c11 -o CMakeFiles/cmTC_7b386.dir/CheckFunctionExists.c.o   -c /Applications/CLion.app/Contents/bin/cmake/mac/share/cmake-3.15/Modules/CheckFunctionExists.c
/Applications/CLion.app/Contents/bin/cmake/mac/share/cmake-3.15/Modules/CheckFunctionExists.c:7:3: warning: incompatible redeclaration of library function 'malloc' [-Wincompatible-library-redeclaration]
  CHECK_FUNCTION_EXISTS(void);
  ^
<command line>:1:31: note: expanded from here
#define CHECK_FUNCTION_EXISTS malloc
                              ^
/Applications/CLion.app/Contents/bin/cmake/mac/share/cmake-3.15/Modules/CheckFunctionExists.c:7:3: note: 'malloc' is a builtin with type 'void *(unsigned long)'
<command line>:1:31: note: expanded from here
#define CHECK_FUNCTION_EXISTS malloc
                              ^
1 warning generated.
Linking C executable cmTC_7b386
/Applications/CLion.app/Contents/bin/cmake/mac/bin/cmake -E cmake_link_script CMakeFiles/cmTC_7b386.dir/link.txt --verbose=1
/Library/Developer/CommandLineTools/usr/bin/cc  -DCHECK_FUNCTION_EXISTS=malloc -isysroot /Library/Developer/CommandLineTools/SDKs/MacOSX10.15.sdk -Wl,-search_paths_first -Wl,-headerpad_max_install_names   CMakeFiles/cmTC_7b386.dir/CheckFunctionExists.c.o  -o cmTC_7b386 -ltcmalloc 
ld: library not found for -ltcmalloc
clang: error: linker command failed with exit code 1 (use -v to see invocation)
gmake[1]: *** [CMakeFiles/cmTC_7b386.dir/build.make:87: cmTC_7b386] Error 1
gmake[1]: Leaving directory '/Users/torment/Workspace/CLionProjects/leveldb/cmake-build-debug/CMakeFiles/CMakeTmp'
gmake: *** [Makefile:121: cmTC_7b386/fast] Error 2



Determining if the fdatasync exist failed with the following output:
Change Dir: /Users/torment/Workspace/CLionProjects/leveldb/cmake-build-debug/CMakeFiles/CMakeTmp

Run Build Command(s):/opt/local/bin/gmake cmTC_5d482/fast && /opt/local/bin/gmake -f CMakeFiles/cmTC_5d482.dir/build.make CMakeFiles/cmTC_5d482.dir/build
gmake[1]: Entering directory '/Users/torment/Workspace/CLionProjects/leveldb/cmake-build-debug/CMakeFiles/CMakeTmp'
Building CXX object CMakeFiles/cmTC_5d482.dir/CheckSymbolExists.cxx.o
/Library/Developer/CommandLineTools/usr/bin/c++    -isysroot /Library/Developer/CommandLineTools/SDKs/MacOSX10.15.sdk   -std=c++11 -o CMakeFiles/cmTC_5d482.dir/CheckSymbolExists.cxx.o -c /Users/torment/Workspace/CLionProjects/leveldb/cmake-build-debug/CMakeFiles/CMakeTmp/CheckSymbolExists.cxx
/Users/torment/Workspace/CLionProjects/leveldb/cmake-build-debug/CMakeFiles/CMakeTmp/CheckSymbolExists.cxx:8:19: error: use of undeclared identifier 'fdatasync'
  return ((int*)(&fdatasync))[argc];
                  ^
1 error generated.
gmake[1]: *** [CMakeFiles/cmTC_5d482.dir/build.make:66: CMakeFiles/cmTC_5d482.dir/CheckSymbolExists.cxx.o] Error 1
gmake[1]: Leaving directory '/Users/torment/Workspace/CLionProjects/leveldb/cmake-build-debug/CMakeFiles/CMakeTmp'
gmake: *** [Makefile:121: cmTC_5d482/fast] Error 2


File /Users/torment/Workspace/CLionProjects/leveldb/cmake-build-debug/CMakeFiles/CMakeTmp/CheckSymbolExists.cxx:
/* */
#include <unistd.h>

int main(int argc, char** argv)
{
  (void)argv;
#ifndef fdatasync
  return ((int*)(&fdatasync))[argc];
#else
  (void)argc;
  return 0;
#endif
}

Performing C++ SOURCE FILE Test HAVE_KYOTOCABINET failed with the following output:
Change Dir: /Users/torment/Workspace/CLionProjects/leveldb/cmake-build-debug/CMakeFiles/CMakeTmp

Run Build Command(s):/opt/local/bin/gmake cmTC_d54e1/fast && /opt/local/bin/gmake -f CMakeFiles/cmTC_d54e1.dir/build.make CMakeFiles/cmTC_d54e1.dir/build
gmake[1]: Entering directory '/Users/torment/Workspace/CLionProjects/leveldb/cmake-build-debug/CMakeFiles/CMakeTmp'
Building CXX object CMakeFiles/cmTC_d54e1.dir/src.cxx.o
/Library/Developer/CommandLineTools/usr/bin/c++    -fno-exceptions -fno-rtti -DHAVE_KYOTOCABINET -isysroot /Library/Developer/CommandLineTools/SDKs/MacOSX10.15.sdk   -std=c++11 -o CMakeFiles/cmTC_d54e1.dir/src.cxx.o -c /Users/torment/Workspace/CLionProjects/leveldb/cmake-build-debug/CMakeFiles/CMakeTmp/src.cxx
/Users/torment/Workspace/CLionProjects/leveldb/cmake-build-debug/CMakeFiles/CMakeTmp/src.cxx:2:10: fatal error: 'kcpolydb.h' file not found
#include <kcpolydb.h>
         ^~~~~~~~~~~~
1 error generated.
gmake[1]: *** [CMakeFiles/cmTC_d54e1.dir/build.make:66: CMakeFiles/cmTC_d54e1.dir/src.cxx.o] Error 1
gmake[1]: Leaving directory '/Users/torment/Workspace/CLionProjects/leveldb/cmake-build-debug/CMakeFiles/CMakeTmp'
gmake: *** [Makefile:121: cmTC_d54e1/fast] Error 2


Source file was:

#include <kcpolydb.h>

int main() {
  kyotocabinet::TreeDB* db = new kyotocabinet::TreeDB();
  delete db;
  return 0;
}
  
